<?xml version="1.0" encoding="UTF-8"?>
<!-- Generated by org.testng.reporters.JUnitReportReporter -->
<testsuite hostname="Sivaprakash" failures="0" tests="8" name="cucumber.TestNGrunner" time="23.183" errors="0" timestamp="2025-08-10T14:11:57 GMT-03:00" skipped="0">
  <testcase classname="cucumber.TestNGrunner" name="runScenario" time="2.958"/>
  <testcase classname="cucumber.TestNGrunner" name="runScenario" time="2.496"/>
  <testcase classname="cucumber.TestNGrunner" name="runScenario" time="2.428"/>
  <testcase classname="cucumber.TestNGrunner" name="runScenario" time="4.180"/>
  <testcase classname="cucumber.TestNGrunner" name="runScenario" time="3.451"/>
  <testcase classname="cucumber.TestNGrunner" name="runScenario" time="2.505"/>
  <testcase classname="cucumber.TestNGrunner" name="runScenario" time="2.631"/>
  <testcase classname="cucumber.TestNGrunner" name="runScenario" time="2.534"/>
</testsuite> <!-- cucumber.TestNGrunner -->
